I, [2024-10-07T01:01:49.761102 #43342]  INFO -- : Obtendo conector do Clockify...
I, [2024-10-07T01:01:49.761162 #43342]  INFO -- : Procurando usuário pelo e-mail 'raphael.costa@luizalabs.com'...
I, [2024-10-07T01:01:49.761177 #43342]  INFO -- : Listando usuários no workspace '63fe21bea094e40fbee3b92e'...
I, [2024-10-07T01:01:50.593747 #43342]  INFO -- : Usuário encontrado: 63c7f853b8344422223cd0ca
I, [2024-10-07T01:01:50.593822 #43342]  INFO -- : Conectado ao Clockify com sucesso.
I, [2024-10-07T01:01:50.593841 #43342]  INFO -- : Conector do Clockify inicializado com sucesso
I, [2024-10-07T01:01:50.593855 #43342]  INFO -- : Obtendo conector do Redmine...
I, [2024-10-07T01:01:50.593876 #43342]  INFO -- : Conectado ao Redmine com sucesso.
I, [2024-10-07T01:01:50.593888 #43342]  INFO -- : Conector do Redmine inicializado com sucesso.
I, [2024-10-07T01:01:50.593905 #43342]  INFO -- : Iniciando Execução
I, [2024-10-07T01:01:50.593920 #43342]  INFO -- : Procurando usuário pelo e-mail 'raphael.costa@luizalabs.com'...
I, [2024-10-07T01:01:50.593933 #43342]  INFO -- : Listando usuários no workspace '63fe21bea094e40fbee3b92e'...
I, [2024-10-07T01:01:51.485477 #43342]  INFO -- : Usuário encontrado: 63c7f853b8344422223cd0ca
I, [2024-10-07T01:01:51.485543 #43342]  INFO -- : User ID obtido para raphael.costa@luizalabs.com: 63c7f853b8344422223cd0ca
I, [2024-10-07T01:01:51.485565 #43342]  INFO -- : Buscando tarefas de todos os projetos do Redmine a partir de 15/09/2024...
I, [2024-10-07T01:01:51.485581 #43342]  INFO -- : Obtendo página 1
I, [2024-10-07T01:01:51.844980 #43342]  INFO -- : Obtidas 10 novas tarefas do Redmine para o período escolhido
I, [2024-10-07T01:01:51.845036 #43342]  INFO -- : Obtendo página 2
I, [2024-10-07T01:01:52.385950 #43342]  INFO -- : Obtidas 5 novas tarefas do Redmine para o período escolhido
I, [2024-10-07T01:01:52.386007 #43342]  INFO -- : Total de tarefas válidas obtidas: 15
I, [2024-10-07T01:01:52.386024 #43342]  INFO -- : Total de tarefas sem issue_id (invalid_tasks): 0
I, [2024-10-07T01:01:52.386049 #43342]  INFO -- : Procurando projeto no Clockify com o nome 'Lojas Mica'...
I, [2024-10-07T01:01:52.386067 #43342]  INFO -- : Buscando todos os projetos no Clockify para o workspace Turia...
I, [2024-10-07T01:01:53.353273 #43342]  INFO -- : Projetos obtidos com sucesso.
I, [2024-10-07T01:01:53.354128 #43342]  INFO -- :   Projeto 'Lojas Mica' encontrado no Clockify: ID '66f14e0a004aec32e53df02e'
I, [2024-10-07T01:01:53.354167 #43342]  INFO -- :    Buscando todas as tarefas do projeto no Clockify...
I, [2024-10-07T01:01:54.050762 #43342]  INFO -- :     Tarefas obtidas com sucesso para o projeto.
I, [2024-10-07T01:01:54.050919 #43342]  INFO -- :     Tarefa 'Nova tarefa Promoção dia dos cães' já existe no projeto Lojas Mica.
I, [2024-10-07T01:01:54.050947 #43342]  INFO -- : Procurando projeto no Clockify com o nome 'Lojas Mica'...
I, [2024-10-07T01:01:54.050961 #43342]  INFO -- : Buscando todos os projetos no Clockify para o workspace Turia...
I, [2024-10-07T01:01:55.005293 #43342]  INFO -- : Projetos obtidos com sucesso.
I, [2024-10-07T01:01:55.006102 #43342]  INFO -- :   Projeto 'Lojas Mica' encontrado no Clockify: ID '66f14e0a004aec32e53df02e'
I, [2024-10-07T01:01:55.006138 #43342]  INFO -- :    Buscando todas as tarefas do projeto no Clockify...
I, [2024-10-07T01:01:55.711071 #43342]  INFO -- :     Tarefas obtidas com sucesso para o projeto.
I, [2024-10-07T01:01:55.711169 #43342]  INFO -- :     Tarefa 'entrega de funcionalidade' já existe no projeto Lojas Mica.
I, [2024-10-07T01:01:55.711196 #43342]  INFO -- : Procurando projeto no Clockify com o nome 'Lojas Mica'...
I, [2024-10-07T01:01:55.711213 #43342]  INFO -- : Buscando todos os projetos no Clockify para o workspace Turia...
I, [2024-10-07T01:01:56.677328 #43342]  INFO -- : Projetos obtidos com sucesso.
I, [2024-10-07T01:01:56.678102 #43342]  INFO -- :   Projeto 'Lojas Mica' encontrado no Clockify: ID '66f14e0a004aec32e53df02e'
I, [2024-10-07T01:01:56.678139 #43342]  INFO -- :    Buscando todas as tarefas do projeto no Clockify...
I, [2024-10-07T01:01:57.396183 #43342]  INFO -- :     Tarefas obtidas com sucesso para o projeto.
I, [2024-10-07T01:01:57.396286 #43342]  INFO -- :     Tarefa 'Lógica de banho e tosa' já existe no projeto Lojas Mica.
I, [2024-10-07T01:01:57.396313 #43342]  INFO -- : Procurando projeto no Clockify com o nome 'Lojas Mica'...
I, [2024-10-07T01:01:57.396329 #43342]  INFO -- : Buscando todos os projetos no Clockify para o workspace Turia...
I, [2024-10-07T01:01:58.309169 #43342]  INFO -- : Projetos obtidos com sucesso.
I, [2024-10-07T01:01:58.309931 #43342]  INFO -- :   Projeto 'Lojas Mica' encontrado no Clockify: ID '66f14e0a004aec32e53df02e'
I, [2024-10-07T01:01:58.309965 #43342]  INFO -- :    Buscando todas as tarefas do projeto no Clockify...
I, [2024-10-07T01:01:58.995654 #43342]  INFO -- :     Tarefas obtidas com sucesso para o projeto.
I, [2024-10-07T01:01:58.995795 #43342]  INFO -- :     Tarefa 'Campanhas de ração para gato' já existe no projeto Lojas Mica.
I, [2024-10-07T01:01:58.995822 #43342]  INFO -- : Procurando projeto no Clockify com o nome 'Banco Carrefour'...
I, [2024-10-07T01:01:58.995837 #43342]  INFO -- : Buscando todos os projetos no Clockify para o workspace Turia...
I, [2024-10-07T01:01:59.912755 #43342]  INFO -- : Projetos obtidos com sucesso.
I, [2024-10-07T01:01:59.913284 #43342]  INFO -- :   Projeto 'Banco Carrefour' encontrado no Clockify: ID '6618360aa93c603f6c2eb769'
I, [2024-10-07T01:01:59.913308 #43342]  INFO -- :    Buscando todas as tarefas do projeto no Clockify...
I, [2024-10-07T01:02:00.646913 #43342]  INFO -- :     Tarefas obtidas com sucesso para o projeto.
I, [2024-10-07T01:02:00.647065 #43342]  INFO -- :     Tarefa 'Esta tarefa tem que ser criada no clockify com o issue_id no nome' já existe no projeto Banco Carrefour.
I, [2024-10-07T01:02:00.647093 #43342]  INFO -- : Procurando projeto no Clockify com o nome 'Banco Carrefour'...
I, [2024-10-07T01:02:00.647108 #43342]  INFO -- : Buscando todos os projetos no Clockify para o workspace Turia...
I, [2024-10-07T01:02:01.581428 #43342]  INFO -- : Projetos obtidos com sucesso.
I, [2024-10-07T01:02:01.582237 #43342]  INFO -- :   Projeto 'Banco Carrefour' encontrado no Clockify: ID '6618360aa93c603f6c2eb769'
I, [2024-10-07T01:02:01.582272 #43342]  INFO -- :    Buscando todas as tarefas do projeto no Clockify...
I, [2024-10-07T01:02:02.304663 #43342]  INFO -- :     Tarefas obtidas com sucesso para o projeto.
I, [2024-10-07T01:02:02.304798 #43342]  INFO -- :     Tarefa 'Bloqueio' já existe no projeto Banco Carrefour.
I, [2024-10-07T01:02:02.304825 #43342]  INFO -- : Procurando projeto no Clockify com o nome 'Cliente Teste'...
I, [2024-10-07T01:02:02.304840 #43342]  INFO -- : Buscando todos os projetos no Clockify para o workspace Turia...
I, [2024-10-07T01:02:03.217427 #43342]  INFO -- : Projetos obtidos com sucesso.
I, [2024-10-07T01:02:03.218193 #43342]  INFO -- :   Projeto 'Cliente Teste' encontrado no Clockify: ID '66eabaecca0f641071119977'
I, [2024-10-07T01:02:03.218228 #43342]  INFO -- :    Buscando todas as tarefas do projeto no Clockify...
I, [2024-10-07T01:02:03.922187 #43342]  INFO -- :     Tarefas obtidas com sucesso para o projeto.
I, [2024-10-07T01:02:03.922289 #43342]  INFO -- :     Tarefa 'e tarefa sem issue_id' já existe no projeto Cliente Teste.
I, [2024-10-07T01:02:03.922316 #43342]  INFO -- : Procurando projeto no Clockify com o nome 'Cliente Teste'...
I, [2024-10-07T01:02:03.922333 #43342]  INFO -- : Buscando todos os projetos no Clockify para o workspace Turia...
I, [2024-10-07T01:02:04.832853 #43342]  INFO -- : Projetos obtidos com sucesso.
I, [2024-10-07T01:02:04.833561 #43342]  INFO -- :   Projeto 'Cliente Teste' encontrado no Clockify: ID '66eabaecca0f641071119977'
I, [2024-10-07T01:02:04.833595 #43342]  INFO -- :    Buscando todas as tarefas do projeto no Clockify...
I, [2024-10-07T01:02:05.553125 #43342]  INFO -- :     Tarefas obtidas com sucesso para o projeto.
I, [2024-10-07T01:02:05.553219 #43342]  INFO -- :     Tarefa 'tarefa sem o id no nome 2' já existe no projeto Cliente Teste.
I, [2024-10-07T01:02:05.553247 #43342]  INFO -- : Procurando projeto no Clockify com o nome 'Cliente Teste'...
I, [2024-10-07T01:02:05.553340 #43342]  INFO -- : Buscando todos os projetos no Clockify para o workspace Turia...
I, [2024-10-07T01:02:06.472803 #43342]  INFO -- : Projetos obtidos com sucesso.
I, [2024-10-07T01:02:06.473609 #43342]  INFO -- :   Projeto 'Cliente Teste' encontrado no Clockify: ID '66eabaecca0f641071119977'
I, [2024-10-07T01:02:06.473649 #43342]  INFO -- :    Buscando todas as tarefas do projeto no Clockify...
I, [2024-10-07T01:02:07.199991 #43342]  INFO -- :     Tarefas obtidas com sucesso para o projeto.
I, [2024-10-07T01:02:07.200071 #43342]  INFO -- :     Tarefa 'Dúvidas' já existe no projeto Cliente Teste.
I, [2024-10-07T01:02:07.200096 #43342]  INFO -- : Procurando projeto no Clockify com o nome 'Banco Carrefour'...
I, [2024-10-07T01:02:07.200110 #43342]  INFO -- : Buscando todos os projetos no Clockify para o workspace Turia...
I, [2024-10-07T01:02:08.160937 #43342]  INFO -- : Projetos obtidos com sucesso.
I, [2024-10-07T01:02:08.161661 #43342]  INFO -- :   Projeto 'Banco Carrefour' encontrado no Clockify: ID '6618360aa93c603f6c2eb769'
I, [2024-10-07T01:02:08.161694 #43342]  INFO -- : Procurando projeto no Clockify com o nome 'Banco Carrefour'...
I, [2024-10-07T01:02:08.161709 #43342]  INFO -- : Buscando todos os projetos no Clockify para o workspace Turia...
I, [2024-10-07T01:02:09.080807 #43342]  INFO -- : Projetos obtidos com sucesso.
I, [2024-10-07T01:02:09.081324 #43342]  INFO -- :   Projeto 'Banco Carrefour' encontrado no Clockify: ID '6618360aa93c603f6c2eb769'
I, [2024-10-07T01:02:09.081348 #43342]  INFO -- :    Buscando todas as tarefas do projeto no Clockify...
I, [2024-10-07T01:02:09.795829 #43342]  INFO -- :     Tarefas obtidas com sucesso para o projeto.
I, [2024-10-07T01:02:09.795954 #43342]  INFO -- :     Tarefa 'Tarefa novissima do redmine que irá par ao clockify' já existe no projeto Banco Carrefour.
I, [2024-10-07T01:02:09.795981 #43342]  INFO -- : Procurando projeto no Clockify com o nome 'Banco Carrefour'...
I, [2024-10-07T01:02:09.795997 #43342]  INFO -- : Buscando todos os projetos no Clockify para o workspace Turia...
I, [2024-10-07T01:02:10.729039 #43342]  INFO -- : Projetos obtidos com sucesso.
I, [2024-10-07T01:02:10.729938 #43342]  INFO -- :   Projeto 'Banco Carrefour' encontrado no Clockify: ID '6618360aa93c603f6c2eb769'
I, [2024-10-07T01:02:10.729997 #43342]  INFO -- :    Buscando todas as tarefas do projeto no Clockify...
I, [2024-10-07T01:02:11.569716 #43342]  INFO -- :     Tarefas obtidas com sucesso para o projeto.
I, [2024-10-07T01:02:11.569825 #43342]  INFO -- :     Tarefa ' teste com task atribuída a outra pessoa' já existe no projeto Banco Carrefour.
I, [2024-10-07T01:02:11.569851 #43342]  INFO -- : Procurando projeto no Clockify com o nome 'Banco Carrefour'...
I, [2024-10-07T01:02:11.569865 #43342]  INFO -- : Buscando todos os projetos no Clockify para o workspace Turia...
I, [2024-10-07T01:02:12.508943 #43342]  INFO -- : Projetos obtidos com sucesso.
I, [2024-10-07T01:02:12.509685 #43342]  INFO -- :   Projeto 'Banco Carrefour' encontrado no Clockify: ID '6618360aa93c603f6c2eb769'
I, [2024-10-07T01:02:12.509718 #43342]  INFO -- :    Buscando todas as tarefas do projeto no Clockify...
I, [2024-10-07T01:02:13.252075 #43342]  INFO -- :     Tarefas obtidas com sucesso para o projeto.
I, [2024-10-07T01:02:13.252172 #43342]  INFO -- :     Tarefa 'teste 2' já existe no projeto Banco Carrefour.
I, [2024-10-07T01:02:13.252195 #43342]  INFO -- : Procurando projeto no Clockify com o nome 'Banco Carrefour'...
I, [2024-10-07T01:02:13.252210 #43342]  INFO -- : Buscando todos os projetos no Clockify para o workspace Turia...
I, [2024-10-07T01:02:14.398286 #43342]  INFO -- : Projetos obtidos com sucesso.
I, [2024-10-07T01:02:14.398861 #43342]  INFO -- :   Projeto 'Banco Carrefour' encontrado no Clockify: ID '6618360aa93c603f6c2eb769'
I, [2024-10-07T01:02:14.398891 #43342]  INFO -- :    Buscando todas as tarefas do projeto no Clockify...
I, [2024-10-07T01:02:15.110723 #43342]  INFO -- :     Tarefas obtidas com sucesso para o projeto.
I, [2024-10-07T01:02:15.110908 #43342]  INFO -- :     Tarefa 'Nova tarefa para entrar no Clockify' já existe no projeto Banco Carrefour.
I, [2024-10-07T01:02:15.110936 #43342]  INFO -- : Procurando projeto no Clockify com o nome 'Banco Carrefour'...
I, [2024-10-07T01:02:15.110961 #43342]  INFO -- : Buscando todos os projetos no Clockify para o workspace Turia...
I, [2024-10-07T01:02:16.036775 #43342]  INFO -- : Projetos obtidos com sucesso.
I, [2024-10-07T01:02:16.037317 #43342]  INFO -- :   Projeto 'Banco Carrefour' encontrado no Clockify: ID '6618360aa93c603f6c2eb769'
I, [2024-10-07T01:02:16.037344 #43342]  INFO -- :    Buscando todas as tarefas do projeto no Clockify...
I, [2024-10-07T01:02:16.742678 #43342]  INFO -- :     Tarefas obtidas com sucesso para o projeto.
I, [2024-10-07T01:02:16.742771 #43342]  INFO -- :     Tarefa 'Nova tarefa do Redmine, deverá ser criada no Clockify' já existe no projeto Banco Carrefour.
I, [2024-10-07T01:02:16.742794 #43342]  INFO -- : Verificando se existem novas entradas de tempo no Clockify...
I, [2024-10-07T01:02:17.443829 #43342]  INFO -- : Entradas de tempo com projectId do usuário 63c7f853b8344422223cd0ca obtidas com sucesso
I, [2024-10-07T01:02:17.443900 #43342]  INFO -- : Buscando entradas de tempo no Redmine...
I, [2024-10-07T01:02:17.796669 #43342]  INFO -- : Conforme esperado, nenhuma nova entrada de tempo encontrada no Redmine para o período especificado.
I, [2024-10-07T01:02:18.614509 #43342]  INFO -- : Processando entrada de tempo: Tarefa [18447] entrega de funcionalidade, Project ID: 66f14e0a004aec32e53df02e, Issue ID: 18447
I, [2024-10-07T01:02:18.614572 #43342]  INFO -- : Entrada de tempo nova para a tarefa: [18447] entrega de funcionalidade no projeto 66f14e0a004aec32e53df02e
E, [2024-10-07T01:02:19.219843 #43342] ERROR -- : Erro: issue não encontrada no Redmine para a entrada de tempo 'dev loja Mica'.
I, [2024-10-07T01:02:19.905170 #43342]  INFO -- : Processando entrada de tempo: Tarefa [18415] Teste de Sincronizacao redmine e clockify, Project ID: 6618360aa93c603f6c2eb769, Issue ID: 18415
I, [2024-10-07T01:02:19.905232 #43342]  INFO -- : Entrada de tempo nova para a tarefa: [18415] Teste de Sincronizacao redmine e clockify no projeto 6618360aa93c603f6c2eb769
E, [2024-10-07T01:02:20.533960 #43342] ERROR -- : Erro: issue não encontrada no Redmine para a entrada de tempo 'Entrada nova em tarefa nova'.
I, [2024-10-07T01:02:21.227603 #43342]  INFO -- : Processando entrada de tempo: Tarefa [18440] Dúvidas, Project ID: 66eabaecca0f641071119977, Issue ID: 18440
I, [2024-10-07T01:02:21.227669 #43342]  INFO -- : Entrada de tempo nova para a tarefa: [18440] Dúvidas no projeto 66eabaecca0f641071119977
E, [2024-10-07T01:02:21.769797 #43342] ERROR -- : Erro: issue não encontrada no Redmine para a entrada de tempo 'Tarefa desenvolvimento'.
I, [2024-10-07T01:02:22.455259 #43342]  INFO -- : Processando entrada de tempo: Tarefa [18445] Campanhas de ração para gato, Project ID: 66f14e0a004aec32e53df02e, Issue ID: 18445
I, [2024-10-07T01:02:22.455323 #43342]  INFO -- : Entrada de tempo nova para a tarefa: [18445] Campanhas de ração para gato no projeto 66f14e0a004aec32e53df02e
E, [2024-10-07T01:02:23.004214 #43342] ERROR -- : Erro: issue não encontrada no Redmine para a entrada de tempo 'Entrada dia 23 na tarefa com nome correto'.
I, [2024-10-07T01:02:23.773056 #43342]  INFO -- : Processando entrada de tempo: Tarefa [18415] Teste de Sincronizacao redmine e clockify, Project ID: 6618360aa93c603f6c2eb769, Issue ID: 18415
I, [2024-10-07T01:02:23.773120 #43342]  INFO -- : Entrada de tempo nova para a tarefa: [18415] Teste de Sincronizacao redmine e clockify no projeto 6618360aa93c603f6c2eb769
E, [2024-10-07T01:02:24.359895 #43342] ERROR -- : Erro: issue não encontrada no Redmine para a entrada de tempo 'Entrada nova em tarefa nova'.
I, [2024-10-07T01:02:25.035376 #43342]  INFO -- : Processando entrada de tempo: Tarefa [18426] teste 5, Project ID: 661836298f35f243a64835ee, Issue ID: 18426
I, [2024-10-07T01:02:25.035425 #43342]  INFO -- : Entrada de tempo nova para a tarefa: [18426] teste 5 no projeto 661836298f35f243a64835ee
E, [2024-10-07T01:02:25.678347 #43342] ERROR -- : Erro: issue não encontrada no Redmine para a entrada de tempo 'Adicionada descrição'.
I, [2024-10-07T01:02:26.380921 #43342]  INFO -- : Processando entrada de tempo: Tarefa [18431] Admissão, Project ID: 661835d103a7b573aff26277, Issue ID: 18431
I, [2024-10-07T01:02:26.380985 #43342]  INFO -- : Entrada de tempo nova para a tarefa: [18431] Admissão no projeto 661835d103a7b573aff26277
E, [2024-10-07T01:02:26.644137 #43342] ERROR -- : Erro ao buscar issue pelo nome da tarefa '' no Redmine.
E, [2024-10-07T01:02:26.644196 #43342] ERROR -- : Erro: issue não encontrada no Redmine para a entrada de tempo ''.
I, [2024-10-07T01:03:06.951756 #43828]  INFO -- : Obtendo conector do Clockify...
I, [2024-10-07T01:03:06.951809 #43828]  INFO -- : Procurando usuário pelo e-mail 'raphael.costa@luizalabs.com'...
I, [2024-10-07T01:03:06.951825 #43828]  INFO -- : Listando usuários no workspace '63fe21bea094e40fbee3b92e'...
I, [2024-10-07T01:03:07.921239 #43828]  INFO -- : Usuário encontrado: 63c7f853b8344422223cd0ca
I, [2024-10-07T01:03:07.921291 #43828]  INFO -- : Conectado ao Clockify com sucesso.
I, [2024-10-07T01:03:07.921304 #43828]  INFO -- : Conector do Clockify inicializado com sucesso
I, [2024-10-07T01:03:07.921313 #43828]  INFO -- : Obtendo conector do Redmine...
I, [2024-10-07T01:03:07.921337 #43828]  INFO -- : Conectado ao Redmine com sucesso.
I, [2024-10-07T01:03:07.921350 #43828]  INFO -- : Conector do Redmine inicializado com sucesso.
I, [2024-10-07T01:03:07.921363 #43828]  INFO -- : Iniciando Execução
I, [2024-10-07T01:03:07.921373 #43828]  INFO -- : Procurando usuário pelo e-mail 'raphael.costa@luizalabs.com'...
I, [2024-10-07T01:03:07.921381 #43828]  INFO -- : Listando usuários no workspace '63fe21bea094e40fbee3b92e'...
I, [2024-10-07T01:03:08.648875 #43828]  INFO -- : Usuário encontrado: 63c7f853b8344422223cd0ca
I, [2024-10-07T01:03:08.648929 #43828]  INFO -- : User ID obtido para raphael.costa@luizalabs.com: 63c7f853b8344422223cd0ca
I, [2024-10-07T01:03:08.648944 #43828]  INFO -- : Buscando tarefas de todos os projetos do Redmine a partir de 15/09/2024...
I, [2024-10-07T01:03:08.648957 #43828]  INFO -- : Obtendo página 1
I, [2024-10-07T01:03:09.005392 #43828]  INFO -- : Obtidas 10 novas tarefas do Redmine para o período escolhido
I, [2024-10-07T01:03:09.005444 #43828]  INFO -- : Obtendo página 2
I, [2024-10-07T01:03:09.295616 #43828]  INFO -- : Obtidas 5 novas tarefas do Redmine para o período escolhido
I, [2024-10-07T01:03:09.295657 #43828]  INFO -- : Total de tarefas válidas obtidas: 15
I, [2024-10-07T01:03:09.295671 #43828]  INFO -- : Total de tarefas sem issue_id (invalid_tasks): 0
I, [2024-10-07T01:03:09.295705 #43828]  INFO -- : Procurando projeto no Clockify com o nome 'Lojas Mica'...
I, [2024-10-07T01:03:09.295715 #43828]  INFO -- : Buscando todos os projetos no Clockify para o workspace Turia...
I, [2024-10-07T01:03:10.248697 #43828]  INFO -- : Projetos obtidos com sucesso.
I, [2024-10-07T01:03:10.249251 #43828]  INFO -- :   Projeto 'Lojas Mica' encontrado no Clockify: ID '66f14e0a004aec32e53df02e'
I, [2024-10-07T01:03:10.249276 #43828]  INFO -- :    Buscando todas as tarefas do projeto no Clockify...
I, [2024-10-07T01:03:10.965639 #43828]  INFO -- :     Tarefas obtidas com sucesso para o projeto.
I, [2024-10-07T01:03:10.965746 #43828]  INFO -- :     Tarefa 'Nova tarefa Promoção dia dos cães' já existe no projeto Lojas Mica.
I, [2024-10-07T01:03:10.965767 #43828]  INFO -- : Procurando projeto no Clockify com o nome 'Lojas Mica'...
I, [2024-10-07T01:03:10.965777 #43828]  INFO -- : Buscando todos os projetos no Clockify para o workspace Turia...
I, [2024-10-07T01:03:11.877127 #43828]  INFO -- : Projetos obtidos com sucesso.
I, [2024-10-07T01:03:11.877869 #43828]  INFO -- :   Projeto 'Lojas Mica' encontrado no Clockify: ID '66f14e0a004aec32e53df02e'
I, [2024-10-07T01:03:11.877900 #43828]  INFO -- :    Buscando todas as tarefas do projeto no Clockify...
I, [2024-10-07T01:03:12.597185 #43828]  INFO -- :     Tarefas obtidas com sucesso para o projeto.
I, [2024-10-07T01:03:12.597288 #43828]  INFO -- :     Tarefa 'entrega de funcionalidade' já existe no projeto Lojas Mica.
I, [2024-10-07T01:03:12.597315 #43828]  INFO -- : Procurando projeto no Clockify com o nome 'Lojas Mica'...
I, [2024-10-07T01:03:12.597329 #43828]  INFO -- : Buscando todos os projetos no Clockify para o workspace Turia...
I, [2024-10-07T01:03:13.529824 #43828]  INFO -- : Projetos obtidos com sucesso.
I, [2024-10-07T01:03:13.530602 #43828]  INFO -- :   Projeto 'Lojas Mica' encontrado no Clockify: ID '66f14e0a004aec32e53df02e'
I, [2024-10-07T01:03:13.530638 #43828]  INFO -- :    Buscando todas as tarefas do projeto no Clockify...
I, [2024-10-07T01:03:14.229759 #43828]  INFO -- :     Tarefas obtidas com sucesso para o projeto.
I, [2024-10-07T01:03:14.229864 #43828]  INFO -- :     Tarefa 'Lógica de banho e tosa' já existe no projeto Lojas Mica.
I, [2024-10-07T01:03:14.229891 #43828]  INFO -- : Procurando projeto no Clockify com o nome 'Lojas Mica'...
I, [2024-10-07T01:03:14.229906 #43828]  INFO -- : Buscando todos os projetos no Clockify para o workspace Turia...
I, [2024-10-07T01:03:15.153368 #43828]  INFO -- : Projetos obtidos com sucesso.
I, [2024-10-07T01:03:15.154137 #43828]  INFO -- :   Projeto 'Lojas Mica' encontrado no Clockify: ID '66f14e0a004aec32e53df02e'
I, [2024-10-07T01:03:15.154174 #43828]  INFO -- :    Buscando todas as tarefas do projeto no Clockify...
I, [2024-10-07T01:03:15.848366 #43828]  INFO -- :     Tarefas obtidas com sucesso para o projeto.
I, [2024-10-07T01:03:15.848475 #43828]  INFO -- :     Tarefa 'Campanhas de ração para gato' já existe no projeto Lojas Mica.
I, [2024-10-07T01:03:15.848502 #43828]  INFO -- : Procurando projeto no Clockify com o nome 'Banco Carrefour'...
I, [2024-10-07T01:03:15.848517 #43828]  INFO -- : Buscando todos os projetos no Clockify para o workspace Turia...
I, [2024-10-07T01:03:16.789089 #43828]  INFO -- : Projetos obtidos com sucesso.
I, [2024-10-07T01:03:16.789854 #43828]  INFO -- :   Projeto 'Banco Carrefour' encontrado no Clockify: ID '6618360aa93c603f6c2eb769'
I, [2024-10-07T01:03:16.789886 #43828]  INFO -- :    Buscando todas as tarefas do projeto no Clockify...
I, [2024-10-07T01:03:17.530549 #43828]  INFO -- :     Tarefas obtidas com sucesso para o projeto.
I, [2024-10-07T01:03:17.530706 #43828]  INFO -- :     Tarefa 'Esta tarefa tem que ser criada no clockify com o issue_id no nome' já existe no projeto Banco Carrefour.
I, [2024-10-07T01:03:17.530735 #43828]  INFO -- : Procurando projeto no Clockify com o nome 'Banco Carrefour'...
I, [2024-10-07T01:03:17.530750 #43828]  INFO -- : Buscando todos os projetos no Clockify para o workspace Turia...
I, [2024-10-07T01:03:18.457362 #43828]  INFO -- : Projetos obtidos com sucesso.
I, [2024-10-07T01:03:18.458157 #43828]  INFO -- :   Projeto 'Banco Carrefour' encontrado no Clockify: ID '6618360aa93c603f6c2eb769'
I, [2024-10-07T01:03:18.458190 #43828]  INFO -- :    Buscando todas as tarefas do projeto no Clockify...
I, [2024-10-07T01:03:19.176303 #43828]  INFO -- :     Tarefas obtidas com sucesso para o projeto.
I, [2024-10-07T01:03:19.176429 #43828]  INFO -- :     Tarefa 'Bloqueio' já existe no projeto Banco Carrefour.
I, [2024-10-07T01:03:19.176456 #43828]  INFO -- : Procurando projeto no Clockify com o nome 'Cliente Teste'...
I, [2024-10-07T01:03:19.176471 #43828]  INFO -- : Buscando todos os projetos no Clockify para o workspace Turia...
I, [2024-10-07T01:03:20.161061 #43828]  INFO -- : Projetos obtidos com sucesso.
I, [2024-10-07T01:03:20.161820 #43828]  INFO -- :   Projeto 'Cliente Teste' encontrado no Clockify: ID '66eabaecca0f641071119977'
I, [2024-10-07T01:03:20.161853 #43828]  INFO -- :    Buscando todas as tarefas do projeto no Clockify...
I, [2024-10-07T01:03:20.876447 #43828]  INFO -- :     Tarefas obtidas com sucesso para o projeto.
I, [2024-10-07T01:03:20.876547 #43828]  INFO -- :     Tarefa 'e tarefa sem issue_id' já existe no projeto Cliente Teste.
I, [2024-10-07T01:03:20.876576 #43828]  INFO -- : Procurando projeto no Clockify com o nome 'Cliente Teste'...
I, [2024-10-07T01:03:20.876592 #43828]  INFO -- : Buscando todos os projetos no Clockify para o workspace Turia...
I, [2024-10-07T01:03:21.805294 #43828]  INFO -- : Projetos obtidos com sucesso.
I, [2024-10-07T01:03:21.806082 #43828]  INFO -- :   Projeto 'Cliente Teste' encontrado no Clockify: ID '66eabaecca0f641071119977'
I, [2024-10-07T01:03:21.806115 #43828]  INFO -- :    Buscando todas as tarefas do projeto no Clockify...
I, [2024-10-07T01:03:22.499177 #43828]  INFO -- :     Tarefas obtidas com sucesso para o projeto.
I, [2024-10-07T01:03:22.499268 #43828]  INFO -- :     Tarefa 'tarefa sem o id no nome 2' já existe no projeto Cliente Teste.
I, [2024-10-07T01:03:22.499296 #43828]  INFO -- : Procurando projeto no Clockify com o nome 'Cliente Teste'...
I, [2024-10-07T01:03:22.499394 #43828]  INFO -- : Buscando todos os projetos no Clockify para o workspace Turia...
I, [2024-10-07T01:03:23.413207 #43828]  INFO -- : Projetos obtidos com sucesso.
I, [2024-10-07T01:03:23.414021 #43828]  INFO -- :   Projeto 'Cliente Teste' encontrado no Clockify: ID '66eabaecca0f641071119977'
I, [2024-10-07T01:03:23.414057 #43828]  INFO -- :    Buscando todas as tarefas do projeto no Clockify...
I, [2024-10-07T01:03:24.274496 #43828]  INFO -- :     Tarefas obtidas com sucesso para o projeto.
I, [2024-10-07T01:03:24.274578 #43828]  INFO -- :     Tarefa 'Dúvidas' já existe no projeto Cliente Teste.
I, [2024-10-07T01:03:24.274605 #43828]  INFO -- : Procurando projeto no Clockify com o nome 'Banco Carrefour'...
I, [2024-10-07T01:03:24.274621 #43828]  INFO -- : Buscando todos os projetos no Clockify para o workspace Turia...
I, [2024-10-07T01:03:25.197213 #43828]  INFO -- : Projetos obtidos com sucesso.
I, [2024-10-07T01:03:25.197986 #43828]  INFO -- :   Projeto 'Banco Carrefour' encontrado no Clockify: ID '6618360aa93c603f6c2eb769'
I, [2024-10-07T01:03:25.198022 #43828]  INFO -- : Procurando projeto no Clockify com o nome 'Banco Carrefour'...
I, [2024-10-07T01:03:25.198037 #43828]  INFO -- : Buscando todos os projetos no Clockify para o workspace Turia...
I, [2024-10-07T01:03:26.117124 #43828]  INFO -- : Projetos obtidos com sucesso.
I, [2024-10-07T01:03:26.117880 #43828]  INFO -- :   Projeto 'Banco Carrefour' encontrado no Clockify: ID '6618360aa93c603f6c2eb769'
I, [2024-10-07T01:03:26.117914 #43828]  INFO -- :    Buscando todas as tarefas do projeto no Clockify...
I, [2024-10-07T01:03:26.846906 #43828]  INFO -- :     Tarefas obtidas com sucesso para o projeto.
I, [2024-10-07T01:03:26.847031 #43828]  INFO -- :     Tarefa 'Tarefa novissima do redmine que irá par ao clockify' já existe no projeto Banco Carrefour.
I, [2024-10-07T01:03:26.847060 #43828]  INFO -- : Procurando projeto no Clockify com o nome 'Banco Carrefour'...
I, [2024-10-07T01:03:26.847075 #43828]  INFO -- : Buscando todos os projetos no Clockify para o workspace Turia...
I, [2024-10-07T01:03:27.769182 #43828]  INFO -- : Projetos obtidos com sucesso.
I, [2024-10-07T01:03:27.769957 #43828]  INFO -- :   Projeto 'Banco Carrefour' encontrado no Clockify: ID '6618360aa93c603f6c2eb769'
I, [2024-10-07T01:03:27.769992 #43828]  INFO -- :    Buscando todas as tarefas do projeto no Clockify...
I, [2024-10-07T01:03:28.491029 #43828]  INFO -- :     Tarefas obtidas com sucesso para o projeto.
I, [2024-10-07T01:03:28.491144 #43828]  INFO -- :     Tarefa ' teste com task atribuída a outra pessoa' já existe no projeto Banco Carrefour.
I, [2024-10-07T01:03:28.491171 #43828]  INFO -- : Procurando projeto no Clockify com o nome 'Banco Carrefour'...
I, [2024-10-07T01:03:28.491187 #43828]  INFO -- : Buscando todos os projetos no Clockify para o workspace Turia...
I, [2024-10-07T01:03:29.737091 #43828]  INFO -- : Projetos obtidos com sucesso.
I, [2024-10-07T01:03:29.737903 #43828]  INFO -- :   Projeto 'Banco Carrefour' encontrado no Clockify: ID '6618360aa93c603f6c2eb769'
I, [2024-10-07T01:03:29.737936 #43828]  INFO -- :    Buscando todas as tarefas do projeto no Clockify...
I, [2024-10-07T01:03:30.766540 #43828]  INFO -- :     Tarefas obtidas com sucesso para o projeto.
I, [2024-10-07T01:03:30.766644 #43828]  INFO -- :     Tarefa 'teste 2' já existe no projeto Banco Carrefour.
I, [2024-10-07T01:03:30.766670 #43828]  INFO -- : Procurando projeto no Clockify com o nome 'Banco Carrefour'...
I, [2024-10-07T01:03:30.766687 #43828]  INFO -- : Buscando todos os projetos no Clockify para o workspace Turia...
I, [2024-10-07T01:03:31.713004 #43828]  INFO -- : Projetos obtidos com sucesso.
I, [2024-10-07T01:03:31.713724 #43828]  INFO -- :   Projeto 'Banco Carrefour' encontrado no Clockify: ID '6618360aa93c603f6c2eb769'
I, [2024-10-07T01:03:31.713758 #43828]  INFO -- :    Buscando todas as tarefas do projeto no Clockify...
I, [2024-10-07T01:03:32.423889 #43828]  INFO -- :     Tarefas obtidas com sucesso para o projeto.
I, [2024-10-07T01:03:32.424066 #43828]  INFO -- :     Tarefa 'Nova tarefa para entrar no Clockify' já existe no projeto Banco Carrefour.
I, [2024-10-07T01:03:32.424094 #43828]  INFO -- : Procurando projeto no Clockify com o nome 'Banco Carrefour'...
I, [2024-10-07T01:03:32.424109 #43828]  INFO -- : Buscando todos os projetos no Clockify para o workspace Turia...
I, [2024-10-07T01:03:33.329123 #43828]  INFO -- : Projetos obtidos com sucesso.
I, [2024-10-07T01:03:33.329887 #43828]  INFO -- :   Projeto 'Banco Carrefour' encontrado no Clockify: ID '6618360aa93c603f6c2eb769'
I, [2024-10-07T01:03:33.329923 #43828]  INFO -- :    Buscando todas as tarefas do projeto no Clockify...
I, [2024-10-07T01:03:34.084172 #43828]  INFO -- :     Tarefas obtidas com sucesso para o projeto.
I, [2024-10-07T01:03:34.084257 #43828]  INFO -- :     Tarefa 'Nova tarefa do Redmine, deverá ser criada no Clockify' já existe no projeto Banco Carrefour.
I, [2024-10-07T01:03:34.084279 #43828]  INFO -- : Verificando se existem novas entradas de tempo no Clockify...
I, [2024-10-07T01:03:34.787192 #43828]  INFO -- : Entradas de tempo com projectId do usuário 63c7f853b8344422223cd0ca obtidas com sucesso
I, [2024-10-07T01:03:34.787257 #43828]  INFO -- : Buscando entradas de tempo no Redmine...
I, [2024-10-07T01:03:35.069087 #43828]  INFO -- : Conforme esperado, nenhuma nova entrada de tempo encontrada no Redmine para o período especificado.
I, [2024-10-07T01:03:35.764563 #43828]  INFO -- : Processando entrada de tempo: Tarefa [18447] entrega de funcionalidade, Project ID: 66f14e0a004aec32e53df02e, Issue ID: 18447
I, [2024-10-07T01:03:35.764624 #43828]  INFO -- : Entrada de tempo nova para a tarefa: [18447] entrega de funcionalidade no projeto 66f14e0a004aec32e53df02e
E, [2024-10-07T01:03:36.593843 #43828] ERROR -- : Erro: issue não encontrada no Redmine para a entrada de tempo 'dev loja Mica'.
I, [2024-10-07T01:03:37.280190 #43828]  INFO -- : Processando entrada de tempo: Tarefa [18415] Teste de Sincronizacao redmine e clockify, Project ID: 6618360aa93c603f6c2eb769, Issue ID: 18415
I, [2024-10-07T01:03:37.280252 #43828]  INFO -- : Entrada de tempo nova para a tarefa: [18415] Teste de Sincronizacao redmine e clockify no projeto 6618360aa93c603f6c2eb769
E, [2024-10-07T01:03:38.022976 #43828] ERROR -- : Erro: issue não encontrada no Redmine para a entrada de tempo 'Entrada nova em tarefa nova'.
I, [2024-10-07T01:03:38.713308 #43828]  INFO -- : Processando entrada de tempo: Tarefa [18440] Dúvidas, Project ID: 66eabaecca0f641071119977, Issue ID: 18440
I, [2024-10-07T01:03:38.713373 #43828]  INFO -- : Entrada de tempo nova para a tarefa: [18440] Dúvidas no projeto 66eabaecca0f641071119977
E, [2024-10-07T01:03:39.213452 #43828] ERROR -- : Erro: issue não encontrada no Redmine para a entrada de tempo 'Tarefa desenvolvimento'.
I, [2024-10-07T01:03:39.895785 #43828]  INFO -- : Processando entrada de tempo: Tarefa [18445] Campanhas de ração para gato, Project ID: 66f14e0a004aec32e53df02e, Issue ID: 18445
I, [2024-10-07T01:03:39.895846 #43828]  INFO -- : Entrada de tempo nova para a tarefa: [18445] Campanhas de ração para gato no projeto 66f14e0a004aec32e53df02e
E, [2024-10-07T01:03:40.449859 #43828] ERROR -- : Erro: issue não encontrada no Redmine para a entrada de tempo 'Entrada dia 23 na tarefa com nome correto'.
I, [2024-10-07T01:03:41.130977 #43828]  INFO -- : Processando entrada de tempo: Tarefa [18415] Teste de Sincronizacao redmine e clockify, Project ID: 6618360aa93c603f6c2eb769, Issue ID: 18415
I, [2024-10-07T01:03:41.131037 #43828]  INFO -- : Entrada de tempo nova para a tarefa: [18415] Teste de Sincronizacao redmine e clockify no projeto 6618360aa93c603f6c2eb769
E, [2024-10-07T01:03:41.701848 #43828] ERROR -- : Erro: issue não encontrada no Redmine para a entrada de tempo 'Entrada nova em tarefa nova'.
I, [2024-10-07T01:03:42.393254 #43828]  INFO -- : Processando entrada de tempo: Tarefa [18426] teste 5, Project ID: 661836298f35f243a64835ee, Issue ID: 18426
I, [2024-10-07T01:03:42.393317 #43828]  INFO -- : Entrada de tempo nova para a tarefa: [18426] teste 5 no projeto 661836298f35f243a64835ee
E, [2024-10-07T01:03:42.937946 #43828] ERROR -- : Erro: issue não encontrada no Redmine para a entrada de tempo 'Adicionada descrição'.
I, [2024-10-07T01:03:43.621194 #43828]  INFO -- : Processando entrada de tempo: Tarefa [18431] Admissão, Project ID: 661835d103a7b573aff26277, Issue ID: 18431
I, [2024-10-07T01:03:43.621256 #43828]  INFO -- : Entrada de tempo nova para a tarefa: [18431] Admissão no projeto 661835d103a7b573aff26277
E, [2024-10-07T01:03:44.026281 #43828] ERROR -- : Erro ao buscar issue pelo nome da tarefa '' no Redmine.
E, [2024-10-07T01:03:44.026339 #43828] ERROR -- : Erro: issue não encontrada no Redmine para a entrada de tempo ''.
